Hito 4/EspacioMetronomo/app/build/intermediates/manifest_merge_blame_file/debug/manifest-merger-blame-debug-report.txt
1<?xml version="1.0" encoding="utf-8"?>
2<manifest xmlns:android="http://schemas.android.com/apk/res/android"
3    package="es.uca.espaciometronomo"
4    android:versionCode="1"
5    android:versionName="1.0" >
6
7    <uses-sdk
8        android:minSdkVersion="29"
8-->src\main\AndroidManifest.xml
9        android:targetSdkVersion="30" />
9-->src\main\AndroidManifest.xml
10
11    <uses-permission android:name="android.permission.INTERNET" />
11-->src\main\AndroidManifest.xml:5:5-67
11-->src\main\AndroidManifest.xml:5:22-64
12
13    <application
13-->src\main\AndroidManifest.xml:7:5-28:19
14        android:allowBackup="true"
14-->src\main\AndroidManifest.xml:9:9-35
15        android:appComponentFactory="androidx.core.app.CoreComponentFactory"
15-->[androidx.core:core:1.5.0] AndroidManifest.xml:24:18-86
16        android:debuggable="true"
17        android:extractNativeLibs="false"
18        android:icon="@mipmap/ic_launcher"
18-->src\main\AndroidManifest.xml:10:9-43
19        android:label="@string/app_name"
19-->src\main\AndroidManifest.xml:11:9-41
20        android:roundIcon="@mipmap/ic_launcher_round"
20-->src\main\AndroidManifest.xml:12:9-54
21        android:supportsRtl="true"
21-->src\main\AndroidManifest.xml:13:9-35
22        android:testOnly="true"
23        android:theme="@style/Theme.EspacioMetronomo"
23-->src\main\AndroidManifest.xml:14:9-54
24        android:usesCleartextTraffic="true" >
24-->src\main\AndroidManifest.xml:8:9-44
25        <activity android:name="es.uca.espaciometronomo.BookingEditActivity" />
25-->src\main\AndroidManifest.xml:15:9-57
25-->src\main\AndroidManifest.xml:15:19-54
26        <activity android:name="es.uca.espaciometronomo.BookingViewActivity" />
26-->src\main\AndroidManifest.xml:16:9-57
26-->src\main\AndroidManifest.xml:16:19-54
27        <activity android:name="es.uca.espaciometronomo.BookingFormActivity" />
27-->src\main\AndroidManifest.xml:17:9-57
27-->src\main\AndroidManifest.xml:17:19-54
28        <activity
28-->src\main\AndroidManifest.xml:18:9-27:20
29            android:name="es.uca.espaciometronomo.BookingMainActivity"
29-->src\main\AndroidManifest.xml:19:13-48
30            android:label="@string/app_name"
30-->src\main\AndroidManifest.xml:20:13-45
31            android:theme="@style/Theme.EspacioMetronomo.NoActionBar" >
31-->src\main\AndroidManifest.xml:21:13-70
32            <intent-filter>
32-->src\main\AndroidManifest.xml:22:13-26:29
33                <action android:name="android.intent.action.MAIN" />
33-->src\main\AndroidManifest.xml:23:17-69
33-->src\main\AndroidManifest.xml:23:25-66
34
35                <category android:name="android.intent.category.LAUNCHER" />
35-->src\main\AndroidManifest.xml:25:17-77
35-->src\main\AndroidManifest.xml:25:27-74
36            </intent-filter>
37        </activity>
38    </application>
39
40</manifest>